build/outputs/mapping/release/seeds.txt
com.ddyyyg.shop.MainActivity
com.ddyyyg.shop.MainActivity: MainActivity()
com.ddyyyg.shop.PayJavaScript: PayJavaScript(android.content.Context,android.os.Handler)
com.ddyyyg.shop.PayJavaScript: void payAlipay(java.lang.String)
com.ddyyyg.shop.PayJavaScript: void payWx(java.lang.String)
com.ddyyyg.shop.PayJavaScript: void testWxOrder()
com.ddyyyg.shop.PayJavaScript: java.lang.String getErrorDes(java.lang.String)
com.ddyyyg.shop.PayJavaScript: java.util.Map mapError()
com.ddyyyg.shop.R$color: int black
com.ddyyyg.shop.R$color: int blue
com.ddyyyg.shop.R$color: int colorAccent
com.ddyyyg.shop.R$color: int colorPrimary
com.ddyyyg.shop.R$color: int colorPrimaryDark
com.ddyyyg.shop.R$color: int darkgrey
com.ddyyyg.shop.R$color: int grey
com.ddyyyg.shop.R$color: int lightgrey
com.ddyyyg.shop.R$color: int lightransparent
com.ddyyyg.shop.R$color: int navpage
com.ddyyyg.shop.R$color: int semitransparent
com.ddyyyg.shop.R$color: int toasterro
com.ddyyyg.shop.R$color: int transparent
com.ddyyyg.shop.R$color: int white
com.ddyyyg.shop.R$dimen: int activity_horizontal_margin
com.ddyyyg.shop.R$dimen: int activity_vertical_margin
com.ddyyyg.shop.R$drawable: int progressbar_style
com.ddyyyg.shop.R$id: int nav
com.ddyyyg.shop.R$id: int progress
com.ddyyyg.shop.R$id: int wv
com.ddyyyg.shop.R$layout: int activity_main
com.ddyyyg.shop.R$layout: int pay_result
com.ddyyyg.shop.R$mipmap: int appicon
com.ddyyyg.shop.R$mipmap: int back_arrow
com.ddyyyg.shop.R$mipmap: int ic_launcher
com.ddyyyg.shop.R$string: int API_SECRET_KEY
com.ddyyyg.shop.R$string: int APP_ID_WX
com.ddyyyg.shop.R$string: int MCH_ID_WX
com.ddyyyg.shop.R$string: int PACKAGEVALUE_WX
com.ddyyyg.shop.R$string: int TRADE_TYPE_WX
com.ddyyyg.shop.R$string: int app_back
com.ddyyyg.shop.R$string: int app_cancel
com.ddyyyg.shop.R$string: int app_continue
com.ddyyyg.shop.R$string: int app_delete
com.ddyyyg.shop.R$string: int app_edit
com.ddyyyg.shop.R$string: int app_find
com.ddyyyg.shop.R$string: int app_finish
com.ddyyyg.shop.R$string: int app_name
com.ddyyyg.shop.R$string: int app_nextstep
com.ddyyyg.shop.R$string: int app_ok
com.ddyyyg.shop.R$string: int app_prevstep
com.ddyyyg.shop.R$string: int app_save
com.ddyyyg.shop.R$string: int app_send
com.ddyyyg.shop.R$string: int app_set
com.ddyyyg.shop.R$string: int app_tip
com.ddyyyg.shop.R$string: int pay_result_callback_msg
com.ddyyyg.shop.R$string: int pay_result_tip
com.ddyyyg.shop.R$style: int AppTheme
com.ddyyyg.shop.R$style: int NavPage
com.ddyyyg.shop.model.BaseModel
com.ddyyyg.shop.model.BaseModel: BaseModel()
...
com.thoughtworks.xstream.converters.reflection.SortableFieldKeySorter$FieldComparator
com.thoughtworks.xstream.converters.reflection.SortableFieldKeySorter$FieldComparator: java.lang.String[] fieldOrder
com.thoughtworks.xstream.converters.reflection.SortableFieldKeySorter$FieldComparator: com.thoughtworks.xstream.converters.reflection.SortableFieldKeySorter this$0
com.thoughtworks.xstream.converters.reflection.SortableFieldKeySorter$FieldComparator: SortableFieldKeySorter$FieldComparator(com.thoughtworks.xstream.converters.reflection.SortableFieldKeySorter,java.lang.String[])
com.thoughtworks.xstream.converters.reflection.SortableFieldKeySorter$FieldComparator: int compare(java.lang.String,java.lang.String)
com.thoughtworks.xstream.converters.reflection.SortableFieldKeySorter$FieldComparator: int compare(java.lang.Object,java.lang.Object)
com.thoughtworks.xstream.converters.reflection.Sun14ReflectionProvider
com.thoughtworks.xstream.converters.reflection.Sun14ReflectionProvider: Sun14ReflectionProvider()
com.thoughtworks.xstream.converters.reflection.Sun14ReflectionProvider: Sun14ReflectionProvider(com.thoughtworks.xstream.converters.reflection.FieldDictionary)
com.thoughtworks.xstream.converters.reflection.Sun14ReflectionProvider: java.lang.Object readResolve()
com.thoughtworks.xstream.converters.reflection.SunLimitedUnsafeReflectionProvider
com.thoughtworks.xstream.converters.reflection.SunLimitedUnsafeReflectionProvider: sun.misc.Unsafe unsafe
com.thoughtworks.xstream.converters.reflection.SunLimitedUnsafeReflectionProvider: java.lang.Exception exception
com.thoughtworks.xstream.converters.reflection.SunLimitedUnsafeReflectionProvider: SunLimitedUnsafeReflectionProvider()
com.thoughtworks.xstream.converters.reflection.SunLimitedUnsafeReflectionProvider: SunLimitedUnsafeReflectionProvider(com.thoughtworks.xstream.converters.reflection.FieldDictionary)
com.thoughtworks.xstream.converters.reflection.SunLimitedUnsafeReflectionProvider: java.lang.Object newInstance(java.lang.Class)
com.thoughtworks.xstream.converters.reflection.SunLimitedUnsafeReflectionProvider: void validateFieldAccess(java.lang.reflect.Field)
com.thoughtworks.xstream.converters.reflection.SunLimitedUnsafeReflectionProvider: java.lang.Object readResolve()
com.thoughtworks.xstream.converters.reflection.SunLimitedUnsafeReflectionProvider: void <clinit>()
com.thoughtworks.xstream.converters.reflection.SunUnsafeReflectionProvider
com.thoughtworks.xstream.converters.reflection.SunUnsafeReflectionProvider: java.util.Map fieldOffsetCache
com.thoughtworks.xstream.converters.reflection.SunUnsafeReflectionProvider: SunUnsafeReflectionProvider()
com.thoughtworks.xstream.converters.reflection.SunUnsafeReflectionProvider: SunUnsafeReflectionProvider(com.thoughtworks.xstream.converters.reflection.FieldDictionary)
com.thoughtworks.xstream.converters.reflection.SunUnsafeReflectionProvider: void writeField(java.lang.Object,java.lang.String,java.lang.Object,java.lang.Class)
com.thoughtworks.xstream.converters.reflection.SunUnsafeReflectionProvider: void write(java.lang.reflect.Field,java.lang.Object,java.lang.Object)
com.thoughtworks.xstream.converters.reflection.SunUnsafeReflectionProvider: long getFieldOffset(java.lang.reflect.Field)
com.thoughtworks.xstream.converters.reflection.SunUnsafeReflectionProvider: java.lang.Object readResolve()
com.thoughtworks.xstream.converters.reflection.SunUnsafeReflectionProvider: void init()
com.thoughtworks.xstream.converters.reflection.XStream12FieldKeySorter
com.thoughtworks.xstream.converters.reflection.XStream12FieldKeySorter: XStream12FieldKeySorter()
com.thoughtworks.xstream.converters.reflection.XStream12FieldKeySorter: java.util.Map sort(java.lang.Class,java.util.Map)