build/outputs/mapping/release/mapping.txt
com.ddyyyg.shop.MainActivity -> com.ddyyyg.shop.MainActivity:
    android.widget.ProgressBar mBar -> a
    android.webkit.WebView mWv -> b
    android.os.Handler mHandler -> c
    java.util.List tabUrls -> d
    com.ddyyyg.shop.view.NavigationBar mNavBar -> e
    com.tencent.mm.sdk.openapi.IWXAPI iwxapi -> f
    boolean lock -> g
    long mExitTime -> h
    void <init>() -> <init>
    void onCreate(android.os.Bundle) -> onCreate
    boolean isPaySupported() -> a
    boolean onKeyDown(int,android.view.KeyEvent) -> onKeyDown
    boolean isIndex() -> g
    android.widget.ProgressBar getmBar() -> h
    android.webkit.WebView getmWv() -> i
    android.os.Handler getmHandler() -> b
    com.ddyyyg.shop.view.NavigationBar getmNavBar() -> c
    com.tencent.mm.sdk.openapi.IWXAPI getWxapi() -> d
    void regToWx() -> j
    boolean isLock() -> e
    void setLock(boolean) -> a
    java.util.List getTabUrls() -> f
    android.webkit.WebView access$000(com.ddyyyg.shop.MainActivity) -> a
    android.widget.ProgressBar access$100(com.ddyyyg.shop.MainActivity) -> b
com.ddyyyg.shop.MainActivity$1 -> com.ddyyyg.shop.a:
    com.ddyyyg.shop.MainActivity this$0 -> a
    void <init>(com.ddyyyg.shop.MainActivity) -> <init>
    void onClick(android.view.View) -> onClick
com.ddyyyg.shop.MainActivity$PayWebChromeClient -> com.ddyyyg.shop.b:
    com.ddyyyg.shop.MainActivity this$0 -> a
    void <init>(com.ddyyyg.shop.MainActivity) -> <init>
    void onReceivedTitle(android.webkit.WebView,java.lang.String) -> onReceivedTitle
    void onProgressChanged(android.webkit.WebView,int) -> onProgressChanged
    boolean onJsConfirm(android.webkit.WebView,java.lang.String,java.lang.String,android.webkit.JsResult) -> onJsConfirm
    boolean onJsAlert(android.webkit.WebView,java.lang.String,java.lang.String,android.webkit.JsResult) -> onJsAlert
    boolean onJsPrompt(android.webkit.WebView,java.lang.String,java.lang.String,java.lang.String,android.webkit.JsPromptResult) -> onJsPrompt
    boolean onConsoleMessage(android.webkit.ConsoleMessage) -> onConsoleMessage
    void <init>(com.ddyyyg.shop.MainActivity,com.ddyyyg.shop.MainActivity$1) -> <init>
com.ddyyyg.shop.MainActivity$PayWebChromeClient$1 -> com.ddyyyg.shop.c:
    com.ddyyyg.shop.MainActivity$PayWebChromeClient this$1 -> a
    void <init>(com.ddyyyg.shop.MainActivity$PayWebChromeClient) -> <init>
    void onClick(android.content.DialogInterface,int) -> onClick
com.ddyyyg.shop.MainActivity$PayWebChromeClient$2 -> com.ddyyyg.shop.d:
    android.webkit.JsResult val$result -> a
    com.ddyyyg.shop.MainActivity$PayWebChromeClient this$1 -> b
    void <init>(com.ddyyyg.shop.MainActivity$PayWebChromeClient,android.webkit.JsResult) -> <init>
    void onClick(android.content.DialogInterface,int) -> onClick
com.ddyyyg.shop.MainActivity$PayWebViewClient -> com.ddyyyg.shop.e:
    com.ddyyyg.shop.MainActivity this$0 -> a
    void <init>(com.ddyyyg.shop.MainActivity) -> <init>
    void onLoadResource(android.webkit.WebView,java.lang.String) -> onLoadResource
    boolean shouldOverrideUrlLoading(android.webkit.WebView,java.lang.String) -> shouldOverrideUrlLoading
    void onPageFinished(android.webkit.WebView,java.lang.String) -> onPageFinished
    void onPageStarted(android.webkit.WebView,java.lang.String,android.graphics.Bitmap) -> onPageStarted
    void onReceivedError(android.webkit.WebView,int,java.lang.String,java.lang.String) -> onReceivedError
    void <init>(com.ddyyyg.shop.MainActivity,com.ddyyyg.shop.MainActivity$1) -> <init>
...
com.thoughtworks.xstream.converters.extended.EncodedByteArrayConverter -> com.thoughtworks.xstream.converters.extended.EncodedByteArrayConverter:
    com.thoughtworks.xstream.core.util.Base64Encoder base64 -> base64
    com.thoughtworks.xstream.converters.basic.ByteConverter byteConverter -> byteConverter
    void <init>() -> <init>
    boolean canConvert(java.lang.Class) -> canConvert
    void marshal(java.lang.Object,com.thoughtworks.xstream.io.HierarchicalStreamWriter,com.thoughtworks.xstream.converters.MarshallingContext) -> marshal
    java.lang.Object unmarshal(com.thoughtworks.xstream.io.HierarchicalStreamReader,com.thoughtworks.xstream.converters.UnmarshallingContext) -> unmarshal
    java.lang.Object unmarshalIndividualByteElements(com.thoughtworks.xstream.io.HierarchicalStreamReader,com.thoughtworks.xstream.converters.UnmarshallingContext) -> unmarshalIndividualByteElements
    java.lang.String toString(java.lang.Object) -> toString
    java.lang.Object fromString(java.lang.String) -> fromString
    void <clinit>() -> <clinit>
com.thoughtworks.xstream.converters.extended.FileConverter -> com.thoughtworks.xstream.converters.extended.FileConverter:
    void <init>() -> <init>
    boolean canConvert(java.lang.Class) -> canConvert
    java.lang.Object fromString(java.lang.String) -> fromString
    java.lang.String toString(java.lang.Object) -> toString
com.thoughtworks.xstream.converters.extended.FontConverter -> com.thoughtworks.xstream.converters.extended.FontConverter:
    com.thoughtworks.xstream.converters.SingleValueConverter textAttributeConverter -> textAttributeConverter
    com.thoughtworks.xstream.mapper.Mapper mapper -> mapper
    void <init>() -> <init>
    void <init>(com.thoughtworks.xstream.mapper.Mapper) -> <init>
    boolean canConvert(java.lang.Class) -> canConvert
    void marshal(java.lang.Object,com.thoughtworks.xstream.io.HierarchicalStreamWriter,com.thoughtworks.xstream.converters.MarshallingContext) -> marshal
    java.lang.Object unmarshal(com.thoughtworks.xstream.io.HierarchicalStreamReader,com.thoughtworks.xstream.converters.UnmarshallingContext) -> unmarshal
com.thoughtworks.xstream.converters.extended.GregorianCalendarConverter -> com.thoughtworks.xstream.converters.extended.GregorianCalendarConverter:
    void <init>() -> <init>
    boolean canConvert(java.lang.Class) -> canConvert
    void marshal(java.lang.Object,com.thoughtworks.xstream.io.HierarchicalStreamWriter,com.thoughtworks.xstream.converters.MarshallingContext) -> marshal
    java.lang.Object unmarshal(com.thoughtworks.xstream.io.HierarchicalStreamReader,com.thoughtworks.xstream.converters.UnmarshallingContext) -> unmarshal
com.thoughtworks.xstream.converters.extended.ISO8601DateConverter -> com.thoughtworks.xstream.converters.extended.ISO8601DateConverter:
    void <init>() -> <init>
    boolean canConvert(java.lang.Class) -> canConvert
    java.lang.Object fromString(java.lang.String) -> fromString
    java.lang.String toString(java.lang.Object) -> toString
com.thoughtworks.xstream.converters.extended.ISO8601GregorianCalendarConverter -> com.thoughtworks.xstream.converters.extended.ISO8601GregorianCalendarConverter:
    org.joda.time.format.DateTimeFormatter[] formattersUTC -> formattersUTC
    org.joda.time.format.DateTimeFormatter[] formattersNoUTC -> formattersNoUTC
    void <init>() -> <init>
    boolean canConvert(java.lang.Class) -> canConvert
    java.lang.Object fromString(java.lang.String) -> fromString
    java.lang.String toString(java.lang.Object) -> toString
    void <clinit>() -> <clinit>
com.thoughtworks.xstream.converters.extended.ISO8601SqlTimestampConverter -> com.thoughtworks.xstream.converters.extended.ISO8601SqlTimestampConverter:
    java.lang.String PADDING -> PADDING
    void <init>() -> <init>
    boolean canConvert(java.lang.Class) -> canConvert
    java.lang.Object fromString(java.lang.String) -> fromString
    java.lang.String toString(java.lang.Object) -> toString