build/outputs/mapping/release/usage.txt
com.ddyyyg.shop.BuildConfig
com.ddyyyg.shop.Constants
com.ddyyyg.shop.Constants$ShowMsgActivity
com.ddyyyg.shop.MainActivity:
    private static final java.lang.String ERROR_PAGE
    private static final java.lang.String APP_CACAHE_DIRNAME
com.ddyyyg.shop.R
com.ddyyyg.shop.R$attr
com.ddyyyg.shop.R$color
com.ddyyyg.shop.R$dimen
com.ddyyyg.shop.R$drawable
com.ddyyyg.shop.R$id
com.ddyyyg.shop.R$layout
com.ddyyyg.shop.R$mipmap
com.ddyyyg.shop.R$string
com.ddyyyg.shop.R$style
com.ddyyyg.shop.utils.AppUtil:
    28:28:public AppUtil()
    31:44:public static java.lang.String getSignLoca(android.content.Context)
    49:55:public static android.content.pm.PackageInfo getPackageInfo(android.content.Context)
    60:61:public static java.lang.String getSign(android.content.Context)
    67:80:public static java.lang.String getLocalIpAddress()
    110:110:private static java.lang.String intToIp(int)
    117:125:public static java.lang.String getIp(android.content.Context)
    131:139:public static java.lang.String getSingInfo(android.content.Context)
    144:156:public static void parseSignature(byte[])
    165:182:public static java.lang.String encryptionMD5(byte[])
    186:190:public static java.lang.String[] getDeviceInfo()
com.ddyyyg.shop.utils.DensityUtil:
    10:10:public DensityUtil()
    24:25:public static int px2dip(android.content.Context,float)
    35:35:public static int getScreemWidth(android.content.Context)
    45:45:public static int getScreemHeight(android.content.Context)
    55:58:public static android.util.DisplayMetrics getDisplayMetrics(android.content.Context)
com.ddyyyg.shop.utils.EncryptUtils
com.ddyyyg.shop.utils.FileHelper:
    private static final int DEFAULT_CHAR_SIZE
    private static final boolean DEFAULT_IS_APPEND
    23:23:public FileHelper()
    29:30:public void setEncoding(java.lang.String)
    33:33:public java.lang.String getEncoding()
    37:37:public static java.lang.String readFileToString(java.io.File)
    50:101:private static java.lang.String readFileToString(java.io.File,java.lang.String)
    158:158:public static boolean writeBinnaryToFile(java.io.File,byte[])
    163:187:private static boolean writeBinnaryToFile(java.io.File,byte[],boolean)
com.ddyyyg.shop.utils.HttpUtil:
    private static final int MAX_DECODE_PICTURE_SIZE
    62:71:public boolean isNetworkConnected(android.content.Context)
    75:88:public static byte[] bmpToByteArray(android.graphics.Bitmap,boolean)
    148:174:public static byte[] httpPostJson(java.lang.String,java.lang.String)
    239:280:public static byte[] readFromFile(java.lang.String,int,int)
    285:360:public static android.graphics.Bitmap extractThumbNail(java.lang.String,int,int,boolean)
    364:385:public static java.lang.String sha1(java.lang.String)
    390:397:public static java.util.List stringsToList(java.lang.String[])
com.ddyyyg.shop.utils.LogUtil:
    private static final java.lang.String LEVEL_D
    private static final java.lang.String LEVEL_E
    private static final java.lang.String LEVEL_I
    private static final java.lang.String LEVEL_V
    private static final java.lang.String LEVEL_W
    38:39:public void setDebug(boolean)
    42:42:public boolean getDebug()
    111:119:public static void v(java.lang.String,java.lang.String)
    130:138:public static void w(java.lang.String,java.lang.String)
com.ddyyyg.shop.utils.MD5:
    11:11:private MD5()
    14:29:public static final java.lang.String getMessageDigest(byte[])
com.ddyyyg.shop.utils.OrderUtil:
    21:21:public OrderUtil()
...
android.support.multidex.ZipUtil
android.support.multidex.ZipUtil$CentralDirectory
com.ddyyyg.app.App:
    private static final int REQUEST_ENABLE_BT
    35:35:public static com.ddyyyg.app.App getApplication()
com.ddyyyg.app.AppConfig:
    public static final int NETWORK_TYPE_WIFI
    public static final int NETWORK_TYPE_2G
    public static final int NETWORK_TYPE_3G
    public static final java.lang.String CONNECTEXCEPTION
    public static final java.lang.String UNKNOWNHOSTEXCEPTION
    public static final java.lang.String SOCKETEXCEPTION
    public static final java.lang.String SOCKETTIMEOUTEXCEPTION
    public static final java.lang.String NULLPOINTEREXCEPTION
    public static final java.lang.String NULLMESSAGEEXCEPTION
    public static final java.lang.String CLIENTPROTOCOLEXCEPTION
    public static final java.lang.String MISSINGPARAMETERS
    public static final java.lang.String REMOTESERVICEEXCEPTION
    7:7:public AppConfig()
com.ddyyyg.app.AppContext
com.tencent.mm.sdk.constants.Build
com.tencent.mm.sdk.constants.ConstantsAPI
com.tencent.mm.sdk.constants.ConstantsAPI$Token
com.tencent.mm.sdk.constants.ConstantsAPI$WXApp
com.tencent.mm.sdk.modelbase.BaseResp:
    public void toBundle(android.os.Bundle)
    public abstract boolean checkArgs()
com.tencent.mm.sdk.modelbase.BaseResp$ErrCode
com.tencent.mm.sdk.modelmsg.GetMessageFromWX:
    private GetMessageFromWX()
com.tencent.mm.sdk.modelmsg.GetMessageFromWX$Req:
    public java.lang.String username
com.tencent.mm.sdk.modelmsg.GetMessageFromWX$Resp
com.tencent.mm.sdk.modelmsg.LaunchFromWX:
    private LaunchFromWX()
com.tencent.mm.sdk.modelmsg.LaunchFromWX$Resp
com.tencent.mm.sdk.modelmsg.SendAuth:
    private SendAuth()
com.tencent.mm.sdk.modelmsg.SendAuth$Req
com.tencent.mm.sdk.modelmsg.SendAuth$Resp:
    private static final java.lang.String TAG
    private static final int LENGTH_LIMIT
    public void toBundle(android.os.Bundle)
    public boolean checkArgs()
com.tencent.mm.sdk.modelmsg.SendMessageToWX:
    private SendMessageToWX()
com.tencent.mm.sdk.modelmsg.SendMessageToWX$Req
com.tencent.mm.sdk.modelmsg.SendMessageToWX$Resp:
    public void toBundle(android.os.Bundle)
    public boolean checkArgs()
com.tencent.mm.sdk.modelmsg.ShowMessageFromWX:
    private ShowMessageFromWX()
com.tencent.mm.sdk.modelmsg.ShowMessageFromWX$Resp
com.tencent.mm.sdk.modelmsg.WXAppExtendObject
com.tencent.mm.sdk.modelmsg.WXAppLaunchData
com.tencent.mm.sdk.modelmsg.WXAppLaunchData$Builder
com.tencent.mm.sdk.modelmsg.WXEmojiObject
com.tencent.mm.sdk.modelmsg.WXFileObject
com.tencent.mm.sdk.modelmsg.WXImageObject
com.tencent.mm.sdk.modelmsg.WXMediaMessage:
    private static final java.lang.String TAG
    private static final int THUMB_LENGTH_LIMIT
    private static final int TITLE_LENGTH_LIMIT
    private static final int DESCRIPTION_LENGTH_LIMIT
    private static final int MEDIA_TAG_NAME_LENGTH_LIMIT
    public static final java.lang.String ACTION_WXAPPMESSAGE
    public final void setThumbImage(android.graphics.Bitmap)
com.tencent.mm.sdk.modelmsg.WXMediaMessage$Builder:
    public static final java.lang.String KEY_IDENTIFIER
    public WXMediaMessage$Builder()
com.tencent.mm.sdk.modelmsg.WXMediaMessage$IMediaObject:
    public static final int TYPE_UNKNOWN
    public static final int TYPE_TEXT
    public static final int TYPE_IMAGE
    public static final int TYPE_MUSIC
    public static final int TYPE_VIDEO
    public static final int TYPE_URL
    public static final int TYPE_FILE
    public static final int TYPE_APPDATA
    public static final int TYPE_EMOJI
    public static final int TYPE_PRODUCT
com.tencent.mm.sdk.modelmsg.WXMusicObject
com.tencent.mm.sdk.modelmsg.WXTextObject
com.tencent.mm.sdk.modelmsg.WXVideoObject
com.tencent.mm.sdk.modelmsg.WXWebpageObject
com.tencent.mm.sdk.modelmsg.package-info
com.tencent.mm.sdk.modelpay.PayReq:
    private static final java.lang.String TAG
    private static final int EXTDATA_MAX_LENGTH